<?xml version="1.0" encoding="UTF-8" ?>
<testsuite errors="0" failures="1" hostname="mc139-12439" name="au.com.nicta.openshapa.uitests.UINewVariableTest" tests="1" time="11.276" timestamp="2009-03-24T03:00:06">
  <properties>
[...]
</properties>
  <testcase classname="au.com.nicta.openshapa.uitests.UINewVariableTest" name="testTextVariable" time="10.695">
    <failure message="No window was shown (timeout expired)" type="junit.framework.AssertionFailedError">junit.framework.AssertionFailedError: No window was shown (timeout expired)
	at org.uispec4j.interception.handlers.ShownInterceptionDetectionHandler.waitWindow(ShownInterceptionDetectionHandler.java:31)
	at org.uispec4j.interception.WindowInterceptor.run(WindowInterceptor.java:316)
	at org.uispec4j.interception.WindowInterceptor.run(WindowInterceptor.java:282)
	at org.uispec4j.interception.MainClassAdapter.intercept(MainClassAdapter.java:40)
	at org.uispec4j.interception.MainClassAdapter.getMainWindow(MainClassAdapter.java:34)
	at org.uispec4j.UISpecTestCase.getMainWindow(UISpecTestCase.java:83)
	at au.com.nicta.openshapa.uitests.UINewVariableTest.testTextVariable(UINewVariableTest.java:40)
</failure>
  </testcase>
  <system-out><![CDATA[]]></system-out>
  <system-err><![CDATA[Exception in thread "AWT-EventQueue-0" java.lang.ExceptionInInitializerError
	at au.com.nicta.openshapa.views.discrete.layouts.SheetLayoutFactory.getLayout(SheetLayoutFactory.java:40)
	at au.com.nicta.openshapa.views.discrete.SpreadsheetPanel.setLayoutType(SpreadsheetPanel.java:282)
	at au.com.nicta.openshapa.views.discrete.SpreadsheetPanel.<init>(SpreadsheetPanel.java:63)
	at au.com.nicta.openshapa.views.OpenSHAPAView.<init>(OpenSHAPAView.java:43)
	at au.com.nicta.openshapa.OpenSHAPA.startup(OpenSHAPA.java:206)
	at org.jdesktop.application.Application$1.run(Application.java:171)
	at java.awt.event.InvocationEvent.dispatch(InvocationEvent.java:209)
	at java.awt.EventQueue.dispatchEvent(EventQueue.java:597)
	at java.awt.EventDispatchThread.pumpOneEventForFilters(EventDispatchThread.java:269)
	at java.awt.EventDispatchThread.pumpEventsForFilter(EventDispatchThread.java:184)
	at java.awt.EventDispatchThread.pumpEventsForHierarchy(EventDispatchThread.java:174)
	at java.awt.EventDispatchThread.pumpEvents(EventDispatchThread.java:169)
	at java.awt.EventDispatchThread.pumpEvents(EventDispatchThread.java:161)
	at java.awt.EventDispatchThread.run(EventDispatchThread.java:122)
Caused by: java.lang.RuntimeException: Uncompilable source code
	at au.com.nicta.openshapa.views.discrete.layouts.SheetLayoutFactory$SheetLayoutType.values(SheetLayoutFactory.java)
	at au.com.nicta.openshapa.views.discrete.layouts.SheetLayoutFactory$1.<clinit>(SheetLayoutFactory.java:40)
	... 14 more
]]></system-err>
</testsuite>
