<?xml version="1.0" encoding="UTF-8" ?>
<testsuite failures="1" time="0.015" errors="0" skipped="0" tests="2" name="au.com.nicta.openshapa.AppTest">
  <properties>
[...]
</properties>
  <testcase time="0" classname="au.com.nicta.openshapa.AppTest" name="testApp"/>
  <testcase time="0" classname="au.com.nicta.openshapa.AppTest" name="testMoo">
    <failure type="junit.framework.AssertionFailedError">junit.framework.AssertionFailedError
	at junit.framework.Assert.fail(Assert.java:47)
	at junit.framework.Assert.assertTrue(Assert.java:20)
	at junit.framework.Assert.assertTrue(Assert.java:27)
	at au.com.nicta.openshapa.AppTest.testMoo(AppTest.java:40)
</failure>
  </testcase>
</testsuite>